0 info it worked if it ends with ok
1 verbose cli [ '/usr/local/bin/node', '/usr/local/bin/npm', 'start' ]
2 info using npm@3.10.10
3 info using node@v6.10.0
4 verbose run-script [ 'prestart', 'start', 'poststart' ]
5 info lifecycle brush@0.2.0~prestart: brush@0.2.0
6 silly lifecycle brush@0.2.0~prestart: no script for prestart, continuing
7 info lifecycle brush@0.2.0~start: brush@0.2.0
8 verbose lifecycle brush@0.2.0~start: unsafe-perm in lifecycle true
9 verbose lifecycle brush@0.2.0~start: PATH: /usr/local/lib/node_modules/npm/bin/node-gyp-bin:/Users/rahulchaturvedie/office/groups/colorgap/projects/bowyer/bowyer/node_modules/.bin:/usr/local/bin:/usr/bin:/bin:/usr/sbin:/sbin
10 verbose lifecycle brush@0.2.0~start: CWD: /Users/rahulchaturvedie/office/groups/colorgap/projects/bowyer/bowyer
11 silly lifecycle brush@0.2.0~start: Args: [ '-c',
11 silly lifecycle   'concurrently --kill-others "php -S localhost:8000 -t public" "gulp watch"' ]
12 silly lifecycle brush@0.2.0~start: Returned: code: 1  signal: null
13 info lifecycle brush@0.2.0~start: Failed to exec start script
14 verbose stack Error: brush@0.2.0 start: `concurrently --kill-others "php -S localhost:8000 -t public" "gulp watch"`
14 verbose stack Exit status 1
14 verbose stack     at EventEmitter.<anonymous> (/usr/local/lib/node_modules/npm/lib/utils/lifecycle.js:255:16)
14 verbose stack     at emitTwo (events.js:106:13)
14 verbose stack     at EventEmitter.emit (events.js:191:7)
14 verbose stack     at ChildProcess.<anonymous> (/usr/local/lib/node_modules/npm/lib/utils/spawn.js:40:14)
14 verbose stack     at emitTwo (events.js:106:13)
14 verbose stack     at ChildProcess.emit (events.js:191:7)
14 verbose stack     at maybeClose (internal/child_process.js:877:16)
14 verbose stack     at Process.ChildProcess._handle.onexit (internal/child_process.js:226:5)
15 verbose pkgid brush@0.2.0
16 verbose cwd /Users/rahulchaturvedie/office/groups/colorgap/projects/bowyer/bowyer
17 error Darwin 16.3.0
18 error argv "/usr/local/bin/node" "/usr/local/bin/npm" "start"
19 error node v6.10.0
20 error npm  v3.10.10
21 error code ELIFECYCLE
22 error brush@0.2.0 start: `concurrently --kill-others "php -S localhost:8000 -t public" "gulp watch"`
22 error Exit status 1
23 error Failed at the brush@0.2.0 start script 'concurrently --kill-others "php -S localhost:8000 -t public" "gulp watch"'.
23 error Make sure you have the latest version of node.js and npm installed.
23 error If you do, this is most likely a problem with the brush package,
23 error not with npm itself.
23 error Tell the author that this fails on your system:
23 error     concurrently --kill-others "php -S localhost:8000 -t public" "gulp watch"
23 error You can get information on how to open an issue for this project with:
23 error     npm bugs brush
23 error Or if that isn't available, you can get their info via:
23 error     npm owner ls brush
23 error There is likely additional logging output above.
24 verbose exit [ 1, true ]
